<?xml version="1.0" encoding="UTF-8"?>
<!-- Generated by org.testng.reporters.JUnitXMLReporter -->
<testsuite ignored="0" hostname="Mds-MacBook-Pro.T-mobile.com" failures="1" tests="8" name="DemoTest12" time="0.006" errors="0" timestamp="2023-01-02T12:47:44 PST">
  <testcase classname="Params" name="DemoTest" time="0.0">
    <failure type="org.testng.TestNGException" message="
Parameter &amp;apos;val1&amp;apos; is required by @Test on method DemoTest but has not been marked @Optional or defined
in /Users/Nazmun0018/IdeaProjects/TestNGDemo/TestNG.xml">
      <![CDATA[org.testng.TestNGException: 
Parameter 'val1' is required by @Test on method DemoTest but has not been marked @Optional or defined
in /Users/Nazmun0018/IdeaProjects/TestNGDemo/TestNG.xml
at java.base/java.util.ArrayList.forEach(ArrayList.java:1511)
at com.intellij.rt.testng.IDEARemoteTestNG.run(IDEARemoteTestNG.java:66)
at com.intellij.rt.testng.RemoteTestNGStarter.main(RemoteTestNGStarter.java:109)
... Removed 23 stack frames]]>
    </failure>
  </testcase> <!-- DemoTest -->
  <testcase classname="TestCases" name="fifth" time="0.0"/>
  <testcase classname="TestCases" name="forth" time="0.0"/>
  <testcase classname="TestCases" name="second" time="0.0"/>
  <testcase classname="TestCases" name="first" time="0.0"/>
  <testcase classname="TestCases" name="third" time="0.0"/>
  <testcase classname="ParallelDemo" name="Demo" time="0.0"/>
  <testcase classname="ParallelDemo" name="Demo1" time="0.0"/>
</testsuite> <!-- DemoTest12 -->
