<html>
<head>
<title>TestNG:  DemoTest12</title>
<link href="../testng.css" rel="stylesheet" type="text/css" />
<link href="../my-testng.css" rel="stylesheet" type="text/css" />

<style type="text/css">
.log { display: none;} 
.stack-trace { display: none;} 
</style>
<script type="text/javascript">
<!--
function flip(e) {
  current = e.style.display;
  if (current == 'block') {
    e.style.display = 'none';
    return 0;
  }
  else {
    e.style.display = 'block';
    return 1;
  }
}

function toggleBox(szDivId, elem, msg1, msg2)
{
  var res = -1;  if (document.getElementById) {
    res = flip(document.getElementById(szDivId));
  }
  else if (document.all) {
    // this is the way old msie versions work
    res = flip(document.all[szDivId]);
  }
  if(elem) {
    if(res == 0) elem.innerHTML = msg1; else elem.innerHTML = msg2;
  }

}

function toggleAllBoxes() {
  if (document.getElementsByTagName) {
    d = document.getElementsByTagName('div');
    for (i = 0; i < d.length; i++) {
      if (d[i].className == 'log') {
        flip(d[i]);
      }
    }
  }
}

// -->
</script>

</head>
<body>
<h2 align='center'>DemoTest12</h2><table border='1' align="center">
<tr>
<td>Tests passed/Failed/Skipped:</td><td>7/1/0</td>
</tr><tr>
<td>Started on:</td><td>Mon Jan 02 12:47:44 PST 2023</td>
</tr>
<tr><td>Total time:</td><td>0 seconds (6 ms)</td>
</tr><tr>
<td>Included groups:</td><td></td>
</tr><tr>
<td>Excluded groups:</td><td></td>
</tr>
</table><p/>
<small><i>(Hover the method name to see the test class name)</i></small><p/>
<table width='100%' border='1' class='invocation-failed'>
<tr><td colspan='4' align='center'><b>FAILED TESTS</b></td></tr>
<tr><td><b>Test method</b></td>
<td width="30%"><b>Exception</b></td>
<td width="10%"><b>Time (seconds)</b></td>
<td><b>Instance</b></td>
</tr>
<tr>
<td title='Params.DemoTest()'><b>DemoTest</b><br>Test class: Params</td>
<td><div><pre>org.testng.TestNGException: 
Parameter &apos;val1&apos; is required by @Test on method DemoTest but has not been marked @Optional or defined
in /Users/Nazmun0018/IdeaProjects/TestNGDemo/TestNG.xml
	at java.base/java.util.ArrayList.forEach(ArrayList.java:1511)
	at com.intellij.rt.testng.IDEARemoteTestNG.run(IDEARemoteTestNG.java:66)
	at com.intellij.rt.testng.RemoteTestNGStarter.main(RemoteTestNGStarter.java:109)
... Removed 23 stack frames</pre></div><a href='#' onClick='toggleBox("stack-trace1405747618", this, "Click to show all stack frames", "Click to hide stack frames")'>Click to show all stack frames</a>
<div class='stack-trace' id='stack-trace1405747618'><pre>org.testng.TestNGException: 
Parameter &apos;val1&apos; is required by @Test on method DemoTest but has not been marked @Optional or defined
in /Users/Nazmun0018/IdeaProjects/TestNGDemo/TestNG.xml
	at org.testng.internal.Parameters.createParams(Parameters.java:272)
	at org.testng.internal.Parameters.createParametersForMethod(Parameters.java:360)
	at org.testng.internal.Parameters.createParameters(Parameters.java:704)
	at org.testng.internal.Parameters.handleParameters(Parameters.java:879)
	at org.testng.internal.Parameters.handleParameters(Parameters.java:744)
	at org.testng.internal.ParameterHandler.handleParameters(ParameterHandler.java:59)
	at org.testng.internal.ParameterHandler.createParameters(ParameterHandler.java:38)
	at org.testng.internal.TestInvoker$MethodInvocationAgent.invoke(TestInvoker.java:783)
	at org.testng.internal.TestInvoker.invokeTestMethods(TestInvoker.java:146)
	at org.testng.internal.TestMethodWorker.invokeTestMethods(TestMethodWorker.java:146)
	at org.testng.internal.TestMethodWorker.run(TestMethodWorker.java:128)
	at java.base/java.util.ArrayList.forEach(ArrayList.java:1511)
	at org.testng.TestRunner.privateRun(TestRunner.java:766)
	at org.testng.TestRunner.run(TestRunner.java:587)
	at org.testng.SuiteRunner.runTest(SuiteRunner.java:384)
	at org.testng.SuiteRunner.runSequentially(SuiteRunner.java:378)
	at org.testng.SuiteRunner.privateRun(SuiteRunner.java:337)
	at org.testng.SuiteRunner.run(SuiteRunner.java:286)
	at org.testng.SuiteRunnerWorker.runSuite(SuiteRunnerWorker.java:53)
	at org.testng.SuiteRunnerWorker.run(SuiteRunnerWorker.java:96)
	at org.testng.TestNG.runSuitesSequentially(TestNG.java:1187)
	at org.testng.TestNG.runSuitesLocally(TestNG.java:1109)
	at org.testng.TestNG.runSuites(TestNG.java:1039)
	at org.testng.TestNG.run(TestNG.java:1007)
	at com.intellij.rt.testng.IDEARemoteTestNG.run(IDEARemoteTestNG.java:66)
	at com.intellij.rt.testng.RemoteTestNGStarter.main(RemoteTestNGStarter.java:109)
</pre></div></td>
<td>0</td>
<td>Params@fcd6521</td></tr>
</table><p>
<table width='100%' border='1' class='invocation-passed'>
<tr><td colspan='4' align='center'><b>PASSED TESTS</b></td></tr>
<tr><td><b>Test method</b></td>
<td width="30%"><b>Exception</b></td>
<td width="10%"><b>Time (seconds)</b></td>
<td><b>Instance</b></td>
</tr>
<tr>
<td title='ParallelDemo.Demo()'><b>Demo</b><br>Test class: ParallelDemo</td>
<td></td>
<td>0</td>
<td>ParallelDemo@18bf3d14</td></tr>
<tr>
<td title='ParallelDemo.Demo()'><b>Demo</b><br>Test class: ParallelDemo</td>
<td></td>
<td>0</td>
<td>ParallelDemo@5c18298f</td></tr>
<tr>
<td title='ParallelDemo.Demo1()'><b>Demo1</b><br>Test class: ParallelDemo</td>
<td></td>
<td>0</td>
<td>ParallelDemo@18bf3d14</td></tr>
<tr>
<td title='ParallelDemo.Demo1()'><b>Demo1</b><br>Test class: ParallelDemo</td>
<td></td>
<td>0</td>
<td>ParallelDemo@5c18298f</td></tr>
<tr>
<td title='Params.DemoTest()'><b>DemoTest</b><br>Test class: Params<br>Parameters: 10, 32</td>
<td></td>
<td>0</td>
<td>Params@7e0e6aa2</td></tr>
<tr>
<td title='TestCases.fifth()'><b>fifth</b><br>Test class: TestCases</td>
<td></td>
<td>0</td>
<td>TestCases@365185bd</td></tr>
<tr>
<td title='TestCases.fifth()'><b>fifth</b><br>Test class: TestCases</td>
<td></td>
<td>0</td>
<td>TestCases@27d415d9</td></tr>
<tr>
<td title='TestCases.first()'><b>first</b><br>Test class: TestCases</td>
<td></td>
<td>0</td>
<td>TestCases@365185bd</td></tr>
<tr>
<td title='TestCases.first()'><b>first</b><br>Test class: TestCases</td>
<td></td>
<td>0</td>
<td>TestCases@27d415d9</td></tr>
<tr>
<td title='TestCases.forth()'><b>forth</b><br>Test class: TestCases</td>
<td></td>
<td>0</td>
<td>TestCases@365185bd</td></tr>
<tr>
<td title='TestCases.forth()'><b>forth</b><br>Test class: TestCases</td>
<td></td>
<td>0</td>
<td>TestCases@27d415d9</td></tr>
<tr>
<td title='TestCases.second()'><b>second</b><br>Test class: TestCases</td>
<td></td>
<td>0</td>
<td>TestCases@365185bd</td></tr>
<tr>
<td title='TestCases.second()'><b>second</b><br>Test class: TestCases</td>
<td></td>
<td>0</td>
<td>TestCases@27d415d9</td></tr>
<tr>
<td title='TestCases.third()'><b>third</b><br>Test class: TestCases</td>
<td></td>
<td>0</td>
<td>TestCases@365185bd</td></tr>
<tr>
<td title='TestCases.third()'><b>third</b><br>Test class: TestCases</td>
<td></td>
<td>0</td>
<td>TestCases@27d415d9</td></tr>
</table><p>
</body>
</html>